<?xml version="1.0" encoding="UTF-8"?>
<!-- Generated by org.testng.reporters.JUnitReportReporter -->
<testsuite hostname="vinay" failures="0" tests="2" name="TestCases.TC_LoginDDT_002" time="60.215" errors="0" timestamp="2023-10-22T10:52:37 IST" skipped="0">
  <testcase classname="TestCases.TC_LoginDDT_002" name="logindt" time="33.778"/>
  <testcase classname="TestCases.TC_LoginDDT_002" name="logindt" time="26.437"/>
</testsuite> <!-- TestCases.TC_LoginDDT_002 -->
